<?xml version="1.0" encoding="UTF-8"?>
<testsuite name="krasnikova.addressbook.tests.GroupModifficationTests" tests="1" skipped="1" failures="0" errors="0" timestamp="2019-03-15T16:35:36" hostname="Kseniyas-mac.local" time="0.0">
  <properties/>
  <testcase name="testGroupModification" classname="krasnikova.addressbook.tests.GroupModifficationTests" time="0.0">
    <skipped/>
  </testcase>
  <system-out><![CDATA[]]></system-out>
  <system-err><![CDATA[]]></system-err>
</testsuite>
