<?xml version="1.0" encoding="UTF-8"?>
<testsuite name="krasnikova.addressbook.tests.ContactDeletionTests" tests="1" skipped="0" failures="0" errors="0" timestamp="2019-03-15T16:39:49" hostname="Kseniyas-mac.local" time="8.129">
  <properties/>
  <testcase name="testContactDeletion" classname="krasnikova.addressbook.tests.ContactDeletionTests" time="8.129"/>
  <system-out><![CDATA[]]></system-out>
  <system-err><![CDATA[]]></system-err>
</testsuite>
