<?xml version="1.0" encoding="UTF-8"?>
<testsuite name="krasnikova.addressbook.tests.ContactModificationTests" tests="1" skipped="0" failures="0" errors="0" timestamp="2019-03-15T16:39:42" hostname="Kseniyas-mac.local" time="5.677">
  <properties/>
  <testcase name="testContactModification" classname="krasnikova.addressbook.tests.ContactModificationTests" time="5.677"/>
  <system-out><![CDATA[]]></system-out>
  <system-err><![CDATA[]]></system-err>
</testsuite>
