<?xml version="1.0" encoding="UTF-8"?>
<testsuite name="krasnikova.addressbook.tests.ContactPhoneTests" tests="1" skipped="0" failures="0" errors="0" timestamp="2019-03-15T16:39:47" hostname="Kseniyas-mac.local" time="0.428">
  <properties/>
  <testcase name="testContactPhones" classname="krasnikova.addressbook.tests.ContactPhoneTests" time="0.428"/>
  <system-out><![CDATA[]]></system-out>
  <system-err><![CDATA[]]></system-err>
</testsuite>
