<?xml version="1.0" encoding="UTF-8"?>
<testsuite name="krasnikova.addressbook.tests.ContactEmailTests" tests="1" skipped="0" failures="0" errors="0" timestamp="2019-03-15T16:39:48" hostname="Kseniyas-mac.local" time="0.411">
  <properties/>
  <testcase name="testContactEmails" classname="krasnikova.addressbook.tests.ContactEmailTests" time="0.411"/>
  <system-out><![CDATA[]]></system-out>
  <system-err><![CDATA[]]></system-err>
</testsuite>
